<?xml version="1.0" encoding="UTF-8"?>
<testng-results ignored="0" total="1" passed="1" failed="0" skipped="0">
  <reporter-output>
  </reporter-output>
  <suite started-at="2022-09-23T20:46:37 EET" name="Default suite" finished-at="2022-09-23T20:47:20 EET" duration-ms="43188">
    <groups>
    </groups>
    <test started-at="2022-09-23T20:46:37 EET" name="Default test" finished-at="2022-09-23T20:47:20 EET" duration-ms="43188">
      <class name="CaseStudy.ShoppingPageTest">
        <test-method is-config="true" signature="initialize()[pri:0, instance:CaseStudy.ShoppingPageTest@bae7dc0]" started-at="2022-09-23T20:46:37 EET" name="initialize" finished-at="2022-09-23T20:46:59 EET" duration-ms="21694" status="PASS">
          <reporter-output>
          </reporter-output>
        </test-method> <!-- initialize -->
        <test-method signature="endtoend()[pri:0, instance:CaseStudy.ShoppingPageTest@bae7dc0]" started-at="2022-09-23T20:46:59 EET" name="endtoend" finished-at="2022-09-23T20:47:20 EET" duration-ms="21313" status="PASS">
          <reporter-output>
          </reporter-output>
        </test-method> <!-- endtoend -->
        <test-method is-config="true" signature="closeDriver()[pri:0, instance:CaseStudy.ShoppingPageTest@bae7dc0]" started-at="2022-09-23T20:47:20 EET" name="closeDriver" finished-at="2022-09-23T20:47:20 EET" duration-ms="160" status="PASS">
          <reporter-output>
          </reporter-output>
        </test-method> <!-- closeDriver -->
      </class> <!-- CaseStudy.ShoppingPageTest -->
    </test> <!-- Default test -->
  </suite> <!-- Default suite -->
</testng-results>
